SF:lib/model/medicaments.dart
DA:11,1
DA:20,1
DA:21,1
DA:22,1
DA:23,1
DA:24,1
DA:25,2
DA:26,1
DA:27,1
DA:31,1
DA:32,1
DA:33,1
DA:34,1
DA:35,1
DA:36,2
DA:37,1
DA:38,1
DA:42,0
DA:43,0
DA:44,0
DA:45,0
DA:51,1
DA:52,1
DA:53,3
DA:54,1
DA:57,0
DA:58,0
DA:60,0
LF:28
LH:21
end_of_record
SF:lib/database/local_stock.dart
DA:9,3
DA:12,2
DA:14,1
DA:16,1
DA:17,1
DA:18,2
DA:19,2
DA:22,0
DA:23,0
DA:39,1
DA:41,3
DA:42,3
DA:45,0
DA:46,0
DA:50,1
DA:52,2
DA:55,1
DA:58,1
DA:59,2
DA:61,0
DA:65,0
DA:70,0
DA:72,0
DA:73,0
DA:74,0
DA:75,0
DA:78,0
DA:79,0
DA:83,1
DA:85,2
DA:88,1
DA:91,1
DA:92,2
DA:94,2
DA:99,0
DA:100,0
DA:104,1
DA:106,2
DA:108,1
DA:110,2
DA:112,3
DA:114,0
DA:118,1
DA:119,1
DA:120,0
DA:124,2
DA:127,1
DA:128,1
DA:129,3
DA:131,0
DA:134,0
DA:138,0
DA:139,0
DA:140,0
DA:143,0
DA:144,0
DA:145,0
DA:151,0
DA:152,0
DA:153,0
DA:154,0
DA:155,0
DA:156,0
LF:63
LH:32
end_of_record
SF:lib/notifications/notification_checker.dart
DA:7,0
DA:9,0
DA:10,0
DA:11,0
DA:12,0
DA:13,0
DA:15,0
DA:16,0
DA:20,0
DA:21,0
DA:22,0
DA:23,0
DA:24,0
DA:25,0
DA:32,0
DA:33,0
DA:35,0
DA:39,0
DA:40,0
DA:44,0
DA:45,0
DA:47,0
DA:51,0
DA:52,0
DA:57,0
DA:58,0
DA:60,0
DA:64,0
DA:65,0
DA:67,0
DA:71,0
DA:72,0
DA:73,0
LF:33
LH:0
end_of_record
SF:lib/preferences.dart
DA:7,0
DA:8,0
DA:9,0
DA:10,0
DA:13,0
DA:14,0
DA:15,0
DA:16,0
DA:19,0
DA:20,0
DA:21,0
DA:22,0
DA:25,0
DA:26,0
DA:27,0
DA:28,0
LF:16
LH:0
end_of_record
SF:lib/notifications/system_notification.dart
DA:7,0
DA:8,0
DA:9,0
DA:12,0
DA:13,0
DA:16,0
DA:17,0
DA:18,0
DA:21,0
DA:22,0
DA:25,0
DA:28,0
DA:29,0
DA:30,0
DA:31,0
DA:33,0
DA:35,0
DA:38,0
DA:39,0
DA:40,0
DA:41,0
DA:44,0
DA:48,0
DA:60,0
LF:24
LH:0
end_of_record
